<?xml version="1.0" encoding="UTF-8"?>
<!-- Generated by org.testng.reporters.JUnitReportReporter -->
<testsuite hostname="RishabhDesktop" failures="0" tests="1" name="Assignment.UIDataDriven.AppTest" time="0.009" errors="0" timestamp="2023-10-27T09:49:48 IST" skipped="0">
  <testcase classname="Assignment.UIDataDriven.AppTest" name="shouldAnswerWithTrue" time="0.009"/>
</testsuite> <!-- Assignment.UIDataDriven.AppTest -->
